c:\users\maciej\source\repos\ja - projekt - semestr 5\ja - c++\x64\debug\ja - c++.pch
c:\users\maciej\source\repos\ja - projekt - semestr 5\ja - c++\x64\debug\vc143.pdb
c:\users\maciej\source\repos\ja - projekt - semestr 5\ja - c++\x64\debug\vc143.idb
c:\users\maciej\source\repos\ja - projekt - semestr 5\ja - c++\x64\debug\pch.obj
c:\users\maciej\source\repos\ja - projekt - semestr 5\ja - c++\x64\debug\dllmain.obj
c:\users\macio\source\repos\ja - projekt - semestr 5\x64\debug\ja - c++.lib
c:\users\macio\source\repos\ja - projekt - semestr 5\x64\debug\ja - c++.exp
c:\users\maciej\source\repos\ja - projekt - semestr 5\ja - c++\x64\debug\ja - c++.ilk
c:\users\maciej\source\repos\ja - projekt - semestr 5\x64\debug\ja - c++.dll
c:\users\maciej\source\repos\ja - projekt - semestr 5\x64\debug\ja - c++.pdb
c:\users\maciej\source\repos\ja - projekt - semestr 5\x64\debug\ja - c++.lib
c:\users\maciej\source\repos\ja - projekt - semestr 5\x64\debug\ja - c++.exp
c:\users\maciej\source\repos\ja - projekt - semestr 5\ja - c++\x64\debug\ja - c++.tlog\cl.command.1.tlog
c:\users\maciej\source\repos\ja - projekt - semestr 5\ja - c++\x64\debug\ja - c++.tlog\cl.items.tlog
c:\users\maciej\source\repos\ja - projekt - semestr 5\ja - c++\x64\debug\ja - c++.tlog\cl.read.1.tlog
c:\users\maciej\source\repos\ja - projekt - semestr 5\ja - c++\x64\debug\ja - c++.tlog\cl.write.1.tlog
c:\users\maciej\source\repos\ja - projekt - semestr 5\ja - c++\x64\debug\ja - c++.tlog\ja - c++.write.1u.tlog
c:\users\maciej\source\repos\ja - projekt - semestr 5\ja - c++\x64\debug\ja - c++.tlog\link.command.1.tlog
c:\users\maciej\source\repos\ja - projekt - semestr 5\ja - c++\x64\debug\ja - c++.tlog\link.read.1.tlog
c:\users\maciej\source\repos\ja - projekt - semestr 5\ja - c++\x64\debug\ja - c++.tlog\link.write.1.tlog
c:\users\maciej\source\repos\ja - projekt - semestr 5\ja - c++\x64\debug\ja - c++.tlog\link.write.2u.tlog
